<?xml version="1.0" encoding="UTF-8"?>
<testsuite xmlns:xsi="http://www.w3.org/2001/XMLSchema-instance" xsi:noNamespaceSchemaLocation="https://maven.apache.org/surefire/maven-surefire-plugin/xsd/surefire-test-report.xsd" name="com.microservice.moviecatalogservice.MovieCatalogServiceApplicationTests" time="18.387" tests="1" errors="0" skipped="0" failures="0">
  <properties>
    <property name="awt.toolkit" value="sun.awt.X11.XToolkit"/>
    <property name="java.specification.version" value="11"/>
    <property name="sun.cpu.isalist" value=""/>
    <property name="sun.jnu.encoding" value="UTF-8"/>
    <property name="java.class.path" value="/home/ermias/Public/Spring/movie catalog webapp/movie-catalog-service/target/test-classes:/home/ermias/Public/Spring/movie catalog webapp/movie-catalog-service/target/classes:/home/ermias/.m2/repository/org/springframework/boot/spring-boot-starter-web/2.5.6/spring-boot-starter-web-2.5.6.jar:/home/ermias/.m2/repository/org/springframework/boot/spring-boot-starter/2.5.6/spring-boot-starter-2.5.6.jar:/home/ermias/.m2/repository/org/springframework/boot/spring-boot/2.5.6/spring-boot-2.5.6.jar:/home/ermias/.m2/repository/org/springframework/boot/spring-boot-autoconfigure/2.5.6/spring-boot-autoconfigure-2.5.6.jar:/home/ermias/.m2/repository/org/springframework/boot/spring-boot-starter-logging/2.5.6/spring-boot-starter-logging-2.5.6.jar:/home/ermias/.m2/repository/ch/qos/logback/logback-classic/1.2.6/logback-classic-1.2.6.jar:/home/ermias/.m2/repository/ch/qos/logback/logback-core/1.2.6/logback-core-1.2.6.jar:/home/ermias/.m2/repository/org/apache/logging/log4j/log4j-to-slf4j/2.14.1/log4j-to-slf4j-2.14.1.jar:/home/ermias/.m2/repository/org/apache/logging/log4j/log4j-api/2.14.1/log4j-api-2.14.1.jar:/home/ermias/.m2/repository/org/slf4j/jul-to-slf4j/1.7.32/jul-to-slf4j-1.7.32.jar:/home/ermias/.m2/repository/jakarta/annotation/jakarta.annotation-api/1.3.5/jakarta.annotation-api-1.3.5.jar:/home/ermias/.m2/repository/org/yaml/snakeyaml/1.28/snakeyaml-1.28.jar:/home/ermias/.m2/repository/org/springframework/boot/spring-boot-starter-json/2.5.6/spring-boot-starter-json-2.5.6.jar:/home/ermias/.m2/repository/com/fasterxml/jackson/core/jackson-databind/2.12.5/jackson-databind-2.12.5.jar:/home/ermias/.m2/repository/com/fasterxml/jackson/datatype/jackson-datatype-jdk8/2.12.5/jackson-datatype-jdk8-2.12.5.jar:/home/ermias/.m2/repository/com/fasterxml/jackson/datatype/jackson-datatype-jsr310/2.12.5/jackson-datatype-jsr310-2.12.5.jar:/home/ermias/.m2/repository/com/fasterxml/jackson/module/jackson-module-parameter-names/2.12.5/jackson-module-parameter-names-2.12.5.jar:/home/ermias/.m2/repository/org/springframework/boot/spring-boot-starter-tomcat/2.5.6/spring-boot-starter-tomcat-2.5.6.jar:/home/ermias/.m2/repository/org/apache/tomcat/embed/tomcat-embed-core/9.0.54/tomcat-embed-core-9.0.54.jar:/home/ermias/.m2/repository/org/apache/tomcat/embed/tomcat-embed-el/9.0.54/tomcat-embed-el-9.0.54.jar:/home/ermias/.m2/repository/org/apache/tomcat/embed/tomcat-embed-websocket/9.0.54/tomcat-embed-websocket-9.0.54.jar:/home/ermias/.m2/repository/org/springframework/spring-web/5.3.12/spring-web-5.3.12.jar:/home/ermias/.m2/repository/org/springframework/spring-beans/5.3.12/spring-beans-5.3.12.jar:/home/ermias/.m2/repository/org/springframework/spring-webmvc/5.3.12/spring-webmvc-5.3.12.jar:/home/ermias/.m2/repository/org/springframework/spring-aop/5.3.12/spring-aop-5.3.12.jar:/home/ermias/.m2/repository/org/springframework/spring-context/5.3.12/spring-context-5.3.12.jar:/home/ermias/.m2/repository/org/springframework/spring-expression/5.3.12/spring-expression-5.3.12.jar:/home/ermias/.m2/repository/org/springframework/cloud/spring-cloud-starter-netflix-eureka-client/3.0.4/spring-cloud-starter-netflix-eureka-client-3.0.4.jar:/home/ermias/.m2/repository/org/springframework/cloud/spring-cloud-starter/3.0.4/spring-cloud-starter-3.0.4.jar:/home/ermias/.m2/repository/org/springframework/cloud/spring-cloud-context/3.0.4/spring-cloud-context-3.0.4.jar:/home/ermias/.m2/repository/org/springframework/security/spring-security-crypto/5.5.3/spring-security-crypto-5.5.3.jar:/home/ermias/.m2/repository/org/springframework/cloud/spring-cloud-commons/3.0.4/spring-cloud-commons-3.0.4.jar:/home/ermias/.m2/repository/org/springframework/security/spring-security-rsa/1.0.10.RELEASE/spring-security-rsa-1.0.10.RELEASE.jar:/home/ermias/.m2/repository/org/bouncycastle/bcpkix-jdk15on/1.68/bcpkix-jdk15on-1.68.jar:/home/ermias/.m2/repository/org/bouncycastle/bcprov-jdk15on/1.68/bcprov-jdk15on-1.68.jar:/home/ermias/.m2/repository/org/springframework/cloud/spring-cloud-netflix-eureka-client/3.0.4/spring-cloud-netflix-eureka-client-3.0.4.jar:/home/ermias/.m2/repository/com/netflix/eureka/eureka-client/1.10.16/eureka-client-1.10.16.jar:/home/ermias/.m2/repository/com/netflix/netflix-commons/netflix-eventbus/0.3.0/netflix-eventbus-0.3.0.jar:/home/ermias/.m2/repository/com/netflix/netflix-commons/netflix-infix/0.3.0/netflix-infix-0.3.0.jar:/home/ermias/.m2/repository/commons-jxpath/commons-jxpath/1.3/commons-jxpath-1.3.jar:/home/ermias/.m2/repository/joda-time/joda-time/2.3/joda-time-2.3.jar:/home/ermias/.m2/repository/org/antlr/antlr-runtime/3.4/antlr-runtime-3.4.jar:/home/ermias/.m2/repository/org/antlr/stringtemplate/3.2.1/stringtemplate-3.2.1.jar:/home/ermias/.m2/repository/antlr/antlr/2.7.7/antlr-2.7.7.jar:/home/ermias/.m2/repository/com/google/code/gson/gson/2.8.8/gson-2.8.8.jar:/home/ermias/.m2/repository/org/apache/commons/commons-math/2.2/commons-math-2.2.jar:/home/ermias/.m2/repository/com/thoughtworks/xstream/xstream/1.4.18/xstream-1.4.18.jar:/home/ermias/.m2/repository/io/github/x-stream/mxparser/1.2.2/mxparser-1.2.2.jar:/home/ermias/.m2/repository/xmlpull/xmlpull/1.1.3.1/xmlpull-1.1.3.1.jar:/home/ermias/.m2/repository/javax/ws/rs/jsr311-api/1.1.1/jsr311-api-1.1.1.jar:/home/ermias/.m2/repository/com/netflix/servo/servo-core/0.12.21/servo-core-0.12.21.jar:/home/ermias/.m2/repository/com/google/guava/guava/19.0/guava-19.0.jar:/home/ermias/.m2/repository/org/apache/httpcomponents/httpclient/4.5.13/httpclient-4.5.13.jar:/home/ermias/.m2/repository/org/apache/httpcomponents/httpcore/4.4.14/httpcore-4.4.14.jar:/home/ermias/.m2/repository/commons-codec/commons-codec/1.15/commons-codec-1.15.jar:/home/ermias/.m2/repository/commons-configuration/commons-configuration/1.10/commons-configuration-1.10.jar:/home/ermias/.m2/repository/commons-lang/commons-lang/2.6/commons-lang-2.6.jar:/home/ermias/.m2/repository/com/google/inject/guice/4.1.0/guice-4.1.0.jar:/home/ermias/.m2/repository/javax/inject/javax.inject/1/javax.inject-1.jar:/home/ermias/.m2/repository/aopalliance/aopalliance/1.0/aopalliance-1.0.jar:/home/ermias/.m2/repository/com/fasterxml/jackson/core/jackson-annotations/2.12.5/jackson-annotations-2.12.5.jar:/home/ermias/.m2/repository/com/fasterxml/jackson/core/jackson-core/2.12.5/jackson-core-2.12.5.jar:/home/ermias/.m2/repository/org/codehaus/jettison/jettison/1.4.0/jettison-1.4.0.jar:/home/ermias/.m2/repository/com/netflix/eureka/eureka-core/1.10.16/eureka-core-1.10.16.jar:/home/ermias/.m2/repository/com/fasterxml/woodstox/woodstox-core/6.2.1/woodstox-core-6.2.1.jar:/home/ermias/.m2/repository/org/codehaus/woodstox/stax2-api/4.2.1/stax2-api-4.2.1.jar:/home/ermias/.m2/repository/org/springframework/cloud/spring-cloud-starter-loadbalancer/3.0.4/spring-cloud-starter-loadbalancer-3.0.4.jar:/home/ermias/.m2/repository/org/springframework/cloud/spring-cloud-loadbalancer/3.0.4/spring-cloud-loadbalancer-3.0.4.jar:/home/ermias/.m2/repository/io/projectreactor/addons/reactor-extra/3.4.5/reactor-extra-3.4.5.jar:/home/ermias/.m2/repository/org/springframework/boot/spring-boot-starter-cache/2.5.6/spring-boot-starter-cache-2.5.6.jar:/home/ermias/.m2/repository/org/springframework/spring-context-support/5.3.12/spring-context-support-5.3.12.jar:/home/ermias/.m2/repository/com/stoyanr/evictor/1.0.0/evictor-1.0.0.jar:/home/ermias/.m2/repository/org/springframework/boot/spring-boot-starter-webflux/2.5.6/spring-boot-starter-webflux-2.5.6.jar:/home/ermias/.m2/repository/org/springframework/boot/spring-boot-starter-reactor-netty/2.5.6/spring-boot-starter-reactor-netty-2.5.6.jar:/home/ermias/.m2/repository/io/projectreactor/netty/reactor-netty-http/1.0.12/reactor-netty-http-1.0.12.jar:/home/ermias/.m2/repository/io/netty/netty-codec-http/4.1.69.Final/netty-codec-http-4.1.69.Final.jar:/home/ermias/.m2/repository/io/netty/netty-common/4.1.69.Final/netty-common-4.1.69.Final.jar:/home/ermias/.m2/repository/io/netty/netty-buffer/4.1.69.Final/netty-buffer-4.1.69.Final.jar:/home/ermias/.m2/repository/io/netty/netty-transport/4.1.69.Final/netty-transport-4.1.69.Final.jar:/home/ermias/.m2/repository/io/netty/netty-codec/4.1.69.Final/netty-codec-4.1.69.Final.jar:/home/ermias/.m2/repository/io/netty/netty-handler/4.1.69.Final/netty-handler-4.1.69.Final.jar:/home/ermias/.m2/repository/io/netty/netty-codec-http2/4.1.69.Final/netty-codec-http2-4.1.69.Final.jar:/home/ermias/.m2/repository/io/netty/netty-resolver-dns/4.1.69.Final/netty-resolver-dns-4.1.69.Final.jar:/home/ermias/.m2/repository/io/netty/netty-resolver/4.1.69.Final/netty-resolver-4.1.69.Final.jar:/home/ermias/.m2/repository/io/netty/netty-codec-dns/4.1.69.Final/netty-codec-dns-4.1.69.Final.jar:/home/ermias/.m2/repository/io/netty/netty-resolver-dns-native-macos/4.1.69.Final/netty-resolver-dns-native-macos-4.1.69.Final-osx-x86_64.jar:/home/ermias/.m2/repository/io/netty/netty-transport-native-unix-common/4.1.69.Final/netty-transport-native-unix-common-4.1.69.Final.jar:/home/ermias/.m2/repository/io/netty/netty-transport-native-epoll/4.1.69.Final/netty-transport-native-epoll-4.1.69.Final-linux-x86_64.jar:/home/ermias/.m2/repository/io/projectreactor/netty/reactor-netty-core/1.0.12/reactor-netty-core-1.0.12.jar:/home/ermias/.m2/repository/io/netty/netty-handler-proxy/4.1.69.Final/netty-handler-proxy-4.1.69.Final.jar:/home/ermias/.m2/repository/io/netty/netty-codec-socks/4.1.69.Final/netty-codec-socks-4.1.69.Final.jar:/home/ermias/.m2/repository/org/springframework/spring-webflux/5.3.12/spring-webflux-5.3.12.jar:/home/ermias/.m2/repository/io/projectreactor/reactor-core/3.4.11/reactor-core-3.4.11.jar:/home/ermias/.m2/repository/org/reactivestreams/reactive-streams/1.0.3/reactive-streams-1.0.3.jar:/home/ermias/.m2/repository/org/springframework/boot/spring-boot-starter-test/2.5.6/spring-boot-starter-test-2.5.6.jar:/home/ermias/.m2/repository/org/springframework/boot/spring-boot-test/2.5.6/spring-boot-test-2.5.6.jar:/home/ermias/.m2/repository/org/springframework/boot/spring-boot-test-autoconfigure/2.5.6/spring-boot-test-autoconfigure-2.5.6.jar:/home/ermias/.m2/repository/com/jayway/jsonpath/json-path/2.5.0/json-path-2.5.0.jar:/home/ermias/.m2/repository/net/minidev/json-smart/2.4.7/json-smart-2.4.7.jar:/home/ermias/.m2/repository/net/minidev/accessors-smart/2.4.7/accessors-smart-2.4.7.jar:/home/ermias/.m2/repository/org/ow2/asm/asm/9.1/asm-9.1.jar:/home/ermias/.m2/repository/org/slf4j/slf4j-api/1.7.32/slf4j-api-1.7.32.jar:/home/ermias/.m2/repository/jakarta/xml/bind/jakarta.xml.bind-api/2.3.3/jakarta.xml.bind-api-2.3.3.jar:/home/ermias/.m2/repository/jakarta/activation/jakarta.activation-api/1.2.2/jakarta.activation-api-1.2.2.jar:/home/ermias/.m2/repository/org/assertj/assertj-core/3.19.0/assertj-core-3.19.0.jar:/home/ermias/.m2/repository/org/hamcrest/hamcrest/2.2/hamcrest-2.2.jar:/home/ermias/.m2/repository/org/junit/jupiter/junit-jupiter/5.7.2/junit-jupiter-5.7.2.jar:/home/ermias/.m2/repository/org/junit/jupiter/junit-jupiter-api/5.7.2/junit-jupiter-api-5.7.2.jar:/home/ermias/.m2/repository/org/apiguardian/apiguardian-api/1.1.0/apiguardian-api-1.1.0.jar:/home/ermias/.m2/repository/org/opentest4j/opentest4j/1.2.0/opentest4j-1.2.0.jar:/home/ermias/.m2/repository/org/junit/platform/junit-platform-commons/1.7.2/junit-platform-commons-1.7.2.jar:/home/ermias/.m2/repository/org/junit/jupiter/junit-jupiter-params/5.7.2/junit-jupiter-params-5.7.2.jar:/home/ermias/.m2/repository/org/junit/jupiter/junit-jupiter-engine/5.7.2/junit-jupiter-engine-5.7.2.jar:/home/ermias/.m2/repository/org/junit/platform/junit-platform-engine/1.7.2/junit-platform-engine-1.7.2.jar:/home/ermias/.m2/repository/org/mockito/mockito-core/3.9.0/mockito-core-3.9.0.jar:/home/ermias/.m2/repository/net/bytebuddy/byte-buddy/1.10.22/byte-buddy-1.10.22.jar:/home/ermias/.m2/repository/net/bytebuddy/byte-buddy-agent/1.10.22/byte-buddy-agent-1.10.22.jar:/home/ermias/.m2/repository/org/objenesis/objenesis/3.2/objenesis-3.2.jar:/home/ermias/.m2/repository/org/mockito/mockito-junit-jupiter/3.9.0/mockito-junit-jupiter-3.9.0.jar:/home/ermias/.m2/repository/org/skyscreamer/jsonassert/1.5.0/jsonassert-1.5.0.jar:/home/ermias/.m2/repository/com/vaadin/external/google/android-json/0.0.20131108.vaadin1/android-json-0.0.20131108.vaadin1.jar:/home/ermias/.m2/repository/org/springframework/spring-core/5.3.12/spring-core-5.3.12.jar:/home/ermias/.m2/repository/org/springframework/spring-jcl/5.3.12/spring-jcl-5.3.12.jar:/home/ermias/.m2/repository/org/springframework/spring-test/5.3.12/spring-test-5.3.12.jar:/home/ermias/.m2/repository/org/xmlunit/xmlunit-core/2.8.3/xmlunit-core-2.8.3.jar:"/>
    <property name="java.vm.vendor" value="Oracle Corporation"/>
    <property name="sun.arch.data.model" value="64"/>
    <property name="java.vendor.url" value="https://openjdk.java.net/"/>
    <property name="user.timezone" value=""/>
    <property name="java.vm.specification.version" value="11"/>
    <property name="os.name" value="Linux"/>
    <property name="sun.java.launcher" value="SUN_STANDARD"/>
    <property name="user.country" value="US"/>
    <property name="sun.boot.library.path" value="/usr/lib/jvm/java-11-openjdk/lib"/>
    <property name="sun.java.command" value="/home/ermias/Public/Spring/movie catalog webapp/movie-catalog-service/target/surefire/surefirebooter6041088916212924008.jar /home/ermias/Public/Spring/movie catalog webapp/movie-catalog-service/target/surefire 2021-11-22T07-18-09_230-jvmRun1 surefire3632209629962909583tmp surefire_0545689606766439292tmp"/>
    <property name="jdk.debug" value="release"/>
    <property name="surefire.test.class.path" value="/home/ermias/Public/Spring/movie catalog webapp/movie-catalog-service/target/test-classes:/home/ermias/Public/Spring/movie catalog webapp/movie-catalog-service/target/classes:/home/ermias/.m2/repository/org/springframework/boot/spring-boot-starter-web/2.5.6/spring-boot-starter-web-2.5.6.jar:/home/ermias/.m2/repository/org/springframework/boot/spring-boot-starter/2.5.6/spring-boot-starter-2.5.6.jar:/home/ermias/.m2/repository/org/springframework/boot/spring-boot/2.5.6/spring-boot-2.5.6.jar:/home/ermias/.m2/repository/org/springframework/boot/spring-boot-autoconfigure/2.5.6/spring-boot-autoconfigure-2.5.6.jar:/home/ermias/.m2/repository/org/springframework/boot/spring-boot-starter-logging/2.5.6/spring-boot-starter-logging-2.5.6.jar:/home/ermias/.m2/repository/ch/qos/logback/logback-classic/1.2.6/logback-classic-1.2.6.jar:/home/ermias/.m2/repository/ch/qos/logback/logback-core/1.2.6/logback-core-1.2.6.jar:/home/ermias/.m2/repository/org/apache/logging/log4j/log4j-to-slf4j/2.14.1/log4j-to-slf4j-2.14.1.jar:/home/ermias/.m2/repository/org/apache/logging/log4j/log4j-api/2.14.1/log4j-api-2.14.1.jar:/home/ermias/.m2/repository/org/slf4j/jul-to-slf4j/1.7.32/jul-to-slf4j-1.7.32.jar:/home/ermias/.m2/repository/jakarta/annotation/jakarta.annotation-api/1.3.5/jakarta.annotation-api-1.3.5.jar:/home/ermias/.m2/repository/org/yaml/snakeyaml/1.28/snakeyaml-1.28.jar:/home/ermias/.m2/repository/org/springframework/boot/spring-boot-starter-json/2.5.6/spring-boot-starter-json-2.5.6.jar:/home/ermias/.m2/repository/com/fasterxml/jackson/core/jackson-databind/2.12.5/jackson-databind-2.12.5.jar:/home/ermias/.m2/repository/com/fasterxml/jackson/datatype/jackson-datatype-jdk8/2.12.5/jackson-datatype-jdk8-2.12.5.jar:/home/ermias/.m2/repository/com/fasterxml/jackson/datatype/jackson-datatype-jsr310/2.12.5/jackson-datatype-jsr310-2.12.5.jar:/home/ermias/.m2/repository/com/fasterxml/jackson/module/jackson-module-parameter-names/2.12.5/jackson-module-parameter-names-2.12.5.jar:/home/ermias/.m2/repository/org/springframework/boot/spring-boot-starter-tomcat/2.5.6/spring-boot-starter-tomcat-2.5.6.jar:/home/ermias/.m2/repository/org/apache/tomcat/embed/tomcat-embed-core/9.0.54/tomcat-embed-core-9.0.54.jar:/home/ermias/.m2/repository/org/apache/tomcat/embed/tomcat-embed-el/9.0.54/tomcat-embed-el-9.0.54.jar:/home/ermias/.m2/repository/org/apache/tomcat/embed/tomcat-embed-websocket/9.0.54/tomcat-embed-websocket-9.0.54.jar:/home/ermias/.m2/repository/org/springframework/spring-web/5.3.12/spring-web-5.3.12.jar:/home/ermias/.m2/repository/org/springframework/spring-beans/5.3.12/spring-beans-5.3.12.jar:/home/ermias/.m2/repository/org/springframework/spring-webmvc/5.3.12/spring-webmvc-5.3.12.jar:/home/ermias/.m2/repository/org/springframework/spring-aop/5.3.12/spring-aop-5.3.12.jar:/home/ermias/.m2/repository/org/springframework/spring-context/5.3.12/spring-context-5.3.12.jar:/home/ermias/.m2/repository/org/springframework/spring-expression/5.3.12/spring-expression-5.3.12.jar:/home/ermias/.m2/repository/org/springframework/cloud/spring-cloud-starter-netflix-eureka-client/3.0.4/spring-cloud-starter-netflix-eureka-client-3.0.4.jar:/home/ermias/.m2/repository/org/springframework/cloud/spring-cloud-starter/3.0.4/spring-cloud-starter-3.0.4.jar:/home/ermias/.m2/repository/org/springframework/cloud/spring-cloud-context/3.0.4/spring-cloud-context-3.0.4.jar:/home/ermias/.m2/repository/org/springframework/security/spring-security-crypto/5.5.3/spring-security-crypto-5.5.3.jar:/home/ermias/.m2/repository/org/springframework/cloud/spring-cloud-commons/3.0.4/spring-cloud-commons-3.0.4.jar:/home/ermias/.m2/repository/org/springframework/security/spring-security-rsa/1.0.10.RELEASE/spring-security-rsa-1.0.10.RELEASE.jar:/home/ermias/.m2/repository/org/bouncycastle/bcpkix-jdk15on/1.68/bcpkix-jdk15on-1.68.jar:/home/ermias/.m2/repository/org/bouncycastle/bcprov-jdk15on/1.68/bcprov-jdk15on-1.68.jar:/home/ermias/.m2/repository/org/springframework/cloud/spring-cloud-netflix-eureka-client/3.0.4/spring-cloud-netflix-eureka-client-3.0.4.jar:/home/ermias/.m2/repository/com/netflix/eureka/eureka-client/1.10.16/eureka-client-1.10.16.jar:/home/ermias/.m2/repository/com/netflix/netflix-commons/netflix-eventbus/0.3.0/netflix-eventbus-0.3.0.jar:/home/ermias/.m2/repository/com/netflix/netflix-commons/netflix-infix/0.3.0/netflix-infix-0.3.0.jar:/home/ermias/.m2/repository/commons-jxpath/commons-jxpath/1.3/commons-jxpath-1.3.jar:/home/ermias/.m2/repository/joda-time/joda-time/2.3/joda-time-2.3.jar:/home/ermias/.m2/repository/org/antlr/antlr-runtime/3.4/antlr-runtime-3.4.jar:/home/ermias/.m2/repository/org/antlr/stringtemplate/3.2.1/stringtemplate-3.2.1.jar:/home/ermias/.m2/repository/antlr/antlr/2.7.7/antlr-2.7.7.jar:/home/ermias/.m2/repository/com/google/code/gson/gson/2.8.8/gson-2.8.8.jar:/home/ermias/.m2/repository/org/apache/commons/commons-math/2.2/commons-math-2.2.jar:/home/ermias/.m2/repository/com/thoughtworks/xstream/xstream/1.4.18/xstream-1.4.18.jar:/home/ermias/.m2/repository/io/github/x-stream/mxparser/1.2.2/mxparser-1.2.2.jar:/home/ermias/.m2/repository/xmlpull/xmlpull/1.1.3.1/xmlpull-1.1.3.1.jar:/home/ermias/.m2/repository/javax/ws/rs/jsr311-api/1.1.1/jsr311-api-1.1.1.jar:/home/ermias/.m2/repository/com/netflix/servo/servo-core/0.12.21/servo-core-0.12.21.jar:/home/ermias/.m2/repository/com/google/guava/guava/19.0/guava-19.0.jar:/home/ermias/.m2/repository/org/apache/httpcomponents/httpclient/4.5.13/httpclient-4.5.13.jar:/home/ermias/.m2/repository/org/apache/httpcomponents/httpcore/4.4.14/httpcore-4.4.14.jar:/home/ermias/.m2/repository/commons-codec/commons-codec/1.15/commons-codec-1.15.jar:/home/ermias/.m2/repository/commons-configuration/commons-configuration/1.10/commons-configuration-1.10.jar:/home/ermias/.m2/repository/commons-lang/commons-lang/2.6/commons-lang-2.6.jar:/home/ermias/.m2/repository/com/google/inject/guice/4.1.0/guice-4.1.0.jar:/home/ermias/.m2/repository/javax/inject/javax.inject/1/javax.inject-1.jar:/home/ermias/.m2/repository/aopalliance/aopalliance/1.0/aopalliance-1.0.jar:/home/ermias/.m2/repository/com/fasterxml/jackson/core/jackson-annotations/2.12.5/jackson-annotations-2.12.5.jar:/home/ermias/.m2/repository/com/fasterxml/jackson/core/jackson-core/2.12.5/jackson-core-2.12.5.jar:/home/ermias/.m2/repository/org/codehaus/jettison/jettison/1.4.0/jettison-1.4.0.jar:/home/ermias/.m2/repository/com/netflix/eureka/eureka-core/1.10.16/eureka-core-1.10.16.jar:/home/ermias/.m2/repository/com/fasterxml/woodstox/woodstox-core/6.2.1/woodstox-core-6.2.1.jar:/home/ermias/.m2/repository/org/codehaus/woodstox/stax2-api/4.2.1/stax2-api-4.2.1.jar:/home/ermias/.m2/repository/org/springframework/cloud/spring-cloud-starter-loadbalancer/3.0.4/spring-cloud-starter-loadbalancer-3.0.4.jar:/home/ermias/.m2/repository/org/springframework/cloud/spring-cloud-loadbalancer/3.0.4/spring-cloud-loadbalancer-3.0.4.jar:/home/ermias/.m2/repository/io/projectreactor/addons/reactor-extra/3.4.5/reactor-extra-3.4.5.jar:/home/ermias/.m2/repository/org/springframework/boot/spring-boot-starter-cache/2.5.6/spring-boot-starter-cache-2.5.6.jar:/home/ermias/.m2/repository/org/springframework/spring-context-support/5.3.12/spring-context-support-5.3.12.jar:/home/ermias/.m2/repository/com/stoyanr/evictor/1.0.0/evictor-1.0.0.jar:/home/ermias/.m2/repository/org/springframework/boot/spring-boot-starter-webflux/2.5.6/spring-boot-starter-webflux-2.5.6.jar:/home/ermias/.m2/repository/org/springframework/boot/spring-boot-starter-reactor-netty/2.5.6/spring-boot-starter-reactor-netty-2.5.6.jar:/home/ermias/.m2/repository/io/projectreactor/netty/reactor-netty-http/1.0.12/reactor-netty-http-1.0.12.jar:/home/ermias/.m2/repository/io/netty/netty-codec-http/4.1.69.Final/netty-codec-http-4.1.69.Final.jar:/home/ermias/.m2/repository/io/netty/netty-common/4.1.69.Final/netty-common-4.1.69.Final.jar:/home/ermias/.m2/repository/io/netty/netty-buffer/4.1.69.Final/netty-buffer-4.1.69.Final.jar:/home/ermias/.m2/repository/io/netty/netty-transport/4.1.69.Final/netty-transport-4.1.69.Final.jar:/home/ermias/.m2/repository/io/netty/netty-codec/4.1.69.Final/netty-codec-4.1.69.Final.jar:/home/ermias/.m2/repository/io/netty/netty-handler/4.1.69.Final/netty-handler-4.1.69.Final.jar:/home/ermias/.m2/repository/io/netty/netty-codec-http2/4.1.69.Final/netty-codec-http2-4.1.69.Final.jar:/home/ermias/.m2/repository/io/netty/netty-resolver-dns/4.1.69.Final/netty-resolver-dns-4.1.69.Final.jar:/home/ermias/.m2/repository/io/netty/netty-resolver/4.1.69.Final/netty-resolver-4.1.69.Final.jar:/home/ermias/.m2/repository/io/netty/netty-codec-dns/4.1.69.Final/netty-codec-dns-4.1.69.Final.jar:/home/ermias/.m2/repository/io/netty/netty-resolver-dns-native-macos/4.1.69.Final/netty-resolver-dns-native-macos-4.1.69.Final-osx-x86_64.jar:/home/ermias/.m2/repository/io/netty/netty-transport-native-unix-common/4.1.69.Final/netty-transport-native-unix-common-4.1.69.Final.jar:/home/ermias/.m2/repository/io/netty/netty-transport-native-epoll/4.1.69.Final/netty-transport-native-epoll-4.1.69.Final-linux-x86_64.jar:/home/ermias/.m2/repository/io/projectreactor/netty/reactor-netty-core/1.0.12/reactor-netty-core-1.0.12.jar:/home/ermias/.m2/repository/io/netty/netty-handler-proxy/4.1.69.Final/netty-handler-proxy-4.1.69.Final.jar:/home/ermias/.m2/repository/io/netty/netty-codec-socks/4.1.69.Final/netty-codec-socks-4.1.69.Final.jar:/home/ermias/.m2/repository/org/springframework/spring-webflux/5.3.12/spring-webflux-5.3.12.jar:/home/ermias/.m2/repository/io/projectreactor/reactor-core/3.4.11/reactor-core-3.4.11.jar:/home/ermias/.m2/repository/org/reactivestreams/reactive-streams/1.0.3/reactive-streams-1.0.3.jar:/home/ermias/.m2/repository/org/springframework/boot/spring-boot-starter-test/2.5.6/spring-boot-starter-test-2.5.6.jar:/home/ermias/.m2/repository/org/springframework/boot/spring-boot-test/2.5.6/spring-boot-test-2.5.6.jar:/home/ermias/.m2/repository/org/springframework/boot/spring-boot-test-autoconfigure/2.5.6/spring-boot-test-autoconfigure-2.5.6.jar:/home/ermias/.m2/repository/com/jayway/jsonpath/json-path/2.5.0/json-path-2.5.0.jar:/home/ermias/.m2/repository/net/minidev/json-smart/2.4.7/json-smart-2.4.7.jar:/home/ermias/.m2/repository/net/minidev/accessors-smart/2.4.7/accessors-smart-2.4.7.jar:/home/ermias/.m2/repository/org/ow2/asm/asm/9.1/asm-9.1.jar:/home/ermias/.m2/repository/org/slf4j/slf4j-api/1.7.32/slf4j-api-1.7.32.jar:/home/ermias/.m2/repository/jakarta/xml/bind/jakarta.xml.bind-api/2.3.3/jakarta.xml.bind-api-2.3.3.jar:/home/ermias/.m2/repository/jakarta/activation/jakarta.activation-api/1.2.2/jakarta.activation-api-1.2.2.jar:/home/ermias/.m2/repository/org/assertj/assertj-core/3.19.0/assertj-core-3.19.0.jar:/home/ermias/.m2/repository/org/hamcrest/hamcrest/2.2/hamcrest-2.2.jar:/home/ermias/.m2/repository/org/junit/jupiter/junit-jupiter/5.7.2/junit-jupiter-5.7.2.jar:/home/ermias/.m2/repository/org/junit/jupiter/junit-jupiter-api/5.7.2/junit-jupiter-api-5.7.2.jar:/home/ermias/.m2/repository/org/apiguardian/apiguardian-api/1.1.0/apiguardian-api-1.1.0.jar:/home/ermias/.m2/repository/org/opentest4j/opentest4j/1.2.0/opentest4j-1.2.0.jar:/home/ermias/.m2/repository/org/junit/platform/junit-platform-commons/1.7.2/junit-platform-commons-1.7.2.jar:/home/ermias/.m2/repository/org/junit/jupiter/junit-jupiter-params/5.7.2/junit-jupiter-params-5.7.2.jar:/home/ermias/.m2/repository/org/junit/jupiter/junit-jupiter-engine/5.7.2/junit-jupiter-engine-5.7.2.jar:/home/ermias/.m2/repository/org/junit/platform/junit-platform-engine/1.7.2/junit-platform-engine-1.7.2.jar:/home/ermias/.m2/repository/org/mockito/mockito-core/3.9.0/mockito-core-3.9.0.jar:/home/ermias/.m2/repository/net/bytebuddy/byte-buddy/1.10.22/byte-buddy-1.10.22.jar:/home/ermias/.m2/repository/net/bytebuddy/byte-buddy-agent/1.10.22/byte-buddy-agent-1.10.22.jar:/home/ermias/.m2/repository/org/objenesis/objenesis/3.2/objenesis-3.2.jar:/home/ermias/.m2/repository/org/mockito/mockito-junit-jupiter/3.9.0/mockito-junit-jupiter-3.9.0.jar:/home/ermias/.m2/repository/org/skyscreamer/jsonassert/1.5.0/jsonassert-1.5.0.jar:/home/ermias/.m2/repository/com/vaadin/external/google/android-json/0.0.20131108.vaadin1/android-json-0.0.20131108.vaadin1.jar:/home/ermias/.m2/repository/org/springframework/spring-core/5.3.12/spring-core-5.3.12.jar:/home/ermias/.m2/repository/org/springframework/spring-jcl/5.3.12/spring-jcl-5.3.12.jar:/home/ermias/.m2/repository/org/springframework/spring-test/5.3.12/spring-test-5.3.12.jar:/home/ermias/.m2/repository/org/xmlunit/xmlunit-core/2.8.3/xmlunit-core-2.8.3.jar:"/>
    <property name="sun.cpu.endian" value="little"/>
    <property name="user.home" value="/home/ermias"/>
    <property name="user.language" value="en"/>
    <property name="java.specification.vendor" value="Oracle Corporation"/>
    <property name="java.version.date" value="2021-07-20"/>
    <property name="java.home" value="/usr/lib/jvm/java-11-openjdk"/>
    <property name="file.separator" value="/"/>
    <property name="basedir" value="/home/ermias/Public/Spring/movie catalog webapp/movie-catalog-service"/>
    <property name="java.vm.compressedOopsMode" value="32-bit"/>
    <property name="line.separator" value="&#10;"/>
    <property name="java.specification.name" value="Java Platform API Specification"/>
    <property name="java.vm.specification.vendor" value="Oracle Corporation"/>
    <property name="java.awt.graphicsenv" value="sun.awt.X11GraphicsEnvironment"/>
    <property name="surefire.real.class.path" value="/home/ermias/Public/Spring/movie catalog webapp/movie-catalog-service/target/surefire/surefirebooter6041088916212924008.jar"/>
    <property name="sun.management.compiler" value="HotSpot 64-Bit Tiered Compilers"/>
    <property name="java.runtime.version" value="11.0.12+7"/>
    <property name="user.name" value="ermias"/>
    <property name="path.separator" value=":"/>
    <property name="os.version" value="5.11.4-1-rt11-MANJARO"/>
    <property name="java.runtime.name" value="OpenJDK Runtime Environment"/>
    <property name="file.encoding" value="UTF-8"/>
    <property name="java.vm.name" value="OpenJDK 64-Bit Server VM"/>
    <property name="localRepository" value="/home/ermias/.m2/repository"/>
    <property name="java.vendor.url.bug" value="https://bugreport.java.com/bugreport/"/>
    <property name="java.io.tmpdir" value="/tmp"/>
    <property name="idea.version" value="2021.2.2"/>
    <property name="java.version" value="11.0.12"/>
    <property name="user.dir" value="/home/ermias/Public/Spring/movie catalog webapp/movie-catalog-service"/>
    <property name="os.arch" value="amd64"/>
    <property name="java.vm.specification.name" value="Java Virtual Machine Specification"/>
    <property name="java.awt.printerjob" value="sun.print.PSPrinterJob"/>
    <property name="sun.os.patch.level" value="unknown"/>
    <property name="java.library.path" value="/usr/java/packages/lib:/usr/lib64:/lib64:/lib:/usr/lib"/>
    <property name="java.vm.info" value="mixed mode"/>
    <property name="java.vendor" value="Oracle Corporation"/>
    <property name="java.vm.version" value="11.0.12+7"/>
    <property name="sun.io.unicode.encoding" value="UnicodeLittle"/>
    <property name="java.class.version" value="55.0"/>
  </properties>
  <testcase name="contextLoads" classname="com.microservice.moviecatalogservice.MovieCatalogServiceApplicationTests" time="3.385"/>
</testsuite>